[33m
ðŸ --- Starting compilation and setup phase. Hold tight... ------------------------
[0m
[33m
ðŸ --- Compiling wasp project... --------------------------------------------------
[0m
[33m
âœ… --- Successfully completed npm install. ----------------------------------------
[0m
[33m
ðŸ --- Setting up database... -----------------------------------------------------
[0m
[33m
âœ… --- Database successfully set up. ----------------------------------------------
[0m
[33m
ðŸ --- Building SDK... ------------------------------------------------------------
[0m

[33m[[0m  [33mWasp[0m  [33m][0m > wasp@1.0.0 build
[33m[[0m  [33mWasp[0m  [33m][0m > tsc && node ./scripts/copy-assets.js
[33m[[0m  [33mWasp[0m  [33m][0m [33m
âœ… --- SDK built successfully. ----------------------------------------------------
[0m
[33m
âœ… --- Your wasp project has successfully compiled. -------------------------------
[0m
[33m
ðŸ --- Listening for file changes... ----------------------------------------------
[0m
[33m
ðŸ --- Starting up generated project... -------------------------------------------
[0m

[35m[[0m [35mServer[0m [35m][0m > @wasp.sh/generated-server-dev@0.0.0 watch
[35m[[0m [35mServer[0m [35m][0m > nodemon --exec 'npm run bundle-and-start || exit 1'
[35m[[0m [35mServer[0m [35m][0m
[36m[[0m [36mClient[0m [36m][0m > @wasp.sh/generated-webapp-dev@0.0.0 start
[36m[[0m [36mClient[0m [36m][0m > vite
[36m[[0m [36mClient[0m [36m][0m
[35m[[0m [35mServer[0m [35m][0m [33m[nodemon] 2.0.22[39m
[35m[[0m [35mServer[0m [35m][0m [33m[nodemon] to restart at any time, enter `rs`[39m
[35m[[0m [35mServer[0m [35m][0m [33m[nodemon] watching path(s): src/**/* ../../../src/**/* .env[39m
[35m[[0m [35mServer[0m [35m][0m [33m[nodemon] watching extensions: ts,mts,js,mjs,json[39m
[35m[[0m [35mServer[0m [35m][0m [32m[nodemon] starting `npm run bundle-and-start || exit 1`[39m
[35m[[0m [35mServer[0m [35m][0m
[35m[[0m [35mServer[0m [35m][0m > @wasp.sh/generated-server-dev@0.0.0 bundle-and-start
[35m[[0m [35mServer[0m [35m][0m > npm run bundle && npm run start
[35m[[0m [35mServer[0m [35m][0m
[36m[[0m [36mClient[0m [36m][0m
[36m[[0m [36mClient[0m [36m][0m   VITE v7.3.0  ready in 716 ms
[36m[[0m [36mClient[0m [36m][0m
[36m[[0m [36mClient[0m [36m][0m   âžœ  Local:   http://localhost:3000/
[36m[[0m [36mClient[0m [36m][0m   âžœ  Network: http://192.168.0.2:3000/
[35m[[0m [35mServer[0m [35m][0m
[35m[[0m [35mServer[0m [35m][0m > @wasp.sh/generated-server-dev@0.0.0 bundle
[35m[[0m [35mServer[0m [35m][0m > tsc --build && rollup --config --silent
[35m[[0m [35mServer[0m [35m][0m [33m
ðŸ --- Recompiling on file change... ----------------------------------------------
[0m
[33m
âœ… --- Successfully completed npm install. ----------------------------------------
[0m
[33m
ðŸ --- Setting up database... -----------------------------------------------------
[0m
[33m
âœ… --- Database successfully set up. ----------------------------------------------
[0m
[33m
ðŸ --- Building SDK... ------------------------------------------------------------
[0m

[33m[[0m  [33mWasp[0m  [33m][0m > wasp@1.0.0 build
[33m[[0m  [33mWasp[0m  [33m][0m > tsc && node ./scripts/copy-assets.js
[33m[[0m  [33mWasp[0m  [33m][0m
[36m[[0m [36mClient[0m[1m[31m![0m[36m][0m warn - The class `!delay-[0]` is ambiguous and matches multiple utilities.
[36m[[0m [36mClient[0m[1m[31m![0m[36m][0m warn - If this is content and not a class, replace it with `!delay-&lsqb;0&rsqb;` to silence this warning.
[36m[[0m [36mClient[0m[1m[31m![0m[36m][0m
[36m[[0m [36mClient[0m[1m[31m![0m[36m][0m warn - The class `delay-[0]` is ambiguous and matches multiple utilities.
[36m[[0m [36mClient[0m[1m[31m![0m[36m][0m warn - If this is content and not a class, replace it with `delay-&lsqb;0&rsqb;` to silence this warning.
[36m[[0m [36mClient[0m[1m[31m![0m[36m][0m
[36m[[0m [36mClient[0m[1m[31m![0m[36m][0m warn - The class `!delay-[0]` is ambiguous and matches multiple utilities.
[36m[[0m [36mClient[0m[1m[31m![0m[36m][0m warn - If this is content and not a class, replace it with `!delay-&lsqb;0&rsqb;` to silence this warning.
[36m[[0m [36mClient[0m[1m[31m![0m[36m][0m
[36m[[0m [36mClient[0m[1m[31m![0m[36m][0m warn - The class `delay-[0]` is ambiguous and matches multiple utilities.
[36m[[0m [36mClient[0m[1m[31m![0m[36m][0m warn - If this is content and not a class, replace it with `delay-&lsqb;0&rsqb;` to silence this warning.[33m
âœ… --- SDK built successfully. ----------------------------------------------------
[0m
[33m
âœ… --- Your wasp project has successfully compiled. -------------------------------
[0m
[33m
âœ… --- Recompilation on file change succeeded. ------------------------------------
[0m

[36m[[0m [36mClient[0m [36m][0m 7:57:22 AM [vite] (client) hmr update /@fs/app/template/app/.wasp/out/sdk/wasp/dist/auth/forms/Auth.jsx
[36m[[0m [36mClient[0m [36m][0m 7:57:22 AM [vite] (client) hmr update /@fs/app/template/app/.wasp/out/sdk/wasp/dist/auth/forms/internal/Form.jsx
[36m[[0m [36mClient[0m [36m][0m 7:57:22 AM [vite] (client) hmr update /@fs/app/template/app/.wasp/out/sdk/wasp/dist/auth/forms/internal/Message.jsx
[36m[[0m [36mClient[0m [36m][0m 7:57:22 AM [vite] (client) hmr update /@fs/app/template/app/.wasp/out/sdk/wasp/dist/auth/forms/internal/auth-styles.css[33m
ðŸ --- Recompiling on file change... ----------------------------------------------
[0m
[33m
âœ… --- Successfully completed npm install. ----------------------------------------
[0m
[33m
ðŸ --- Setting up database... -----------------------------------------------------
[0m
[33m
âœ… --- Database successfully set up. ----------------------------------------------
[0m
[33m
ðŸ --- Building SDK... ------------------------------------------------------------
[0m

[33m[[0m  [33mWasp[0m  [33m][0m > wasp@1.0.0 build
[33m[[0m  [33mWasp[0m  [33m][0m > tsc && node ./scripts/copy-assets.js
[33m[[0m  [33mWasp[0m  [33m][0m
[35m[[0m [35mServer[0m [35m][0m
[35m[[0m [35mServer[0m [35m][0m > @wasp.sh/generated-server-dev@0.0.0 start
[35m[[0m [35mServer[0m [35m][0m > node --enable-source-maps -r dotenv/config bundle/server.js
[35m[[0m [35mServer[0m [35m][0m
[35m[[0m [35mServer[0m[1m[31m![0m[35m][0m API key does not start with "SG.".
[35m[[0m [35mServer[0m [35m][0m ðŸš€ "Email and password" auth initialized
[35m[[0m [35mServer[0m [35m][0m Server listening on port 3001
[36m[[0m [36mClient[0m [36m][0m 7:57:32 AM [vite] (client) hmr update /@fs/app/template/app/.wasp/out/sdk/wasp/dist/auth/forms/Auth.jsx
[36m[[0m [36mClient[0m [36m][0m 7:57:32 AM [vite] (client) hmr update /@fs/app/template/app/.wasp/out/sdk/wasp/dist/auth/forms/internal/Form.jsx
[36m[[0m [36mClient[0m [36m][0m 7:57:32 AM [vite] (client) hmr update /@fs/app/template/app/.wasp/out/sdk/wasp/dist/auth/forms/internal/Message.jsx
[36m[[0m [36mClient[0m [36m][0m 7:57:32 AM [vite] (client) hmr update /@fs/app/template/app/.wasp/out/sdk/wasp/dist/auth/forms/internal/auth-styles.css[33m
âœ… --- SDK built successfully. ----------------------------------------------------
[0m
[33m
âœ… --- Your wasp project has successfully compiled. -------------------------------
[0m
[33m
âœ… --- Recompilation on file change succeeded. ------------------------------------
[0m
[33m
ðŸ --- Recompiling on file change... ----------------------------------------------
[0m
[33m
âœ… --- Successfully completed npm install. ----------------------------------------
[0m
[33m
ðŸ --- Setting up database... -----------------------------------------------------
[0m
[33m
âœ… --- Database successfully set up. ----------------------------------------------
[0m
[33m
ðŸ --- Building SDK... ------------------------------------------------------------
[0m

[33m[[0m  [33mWasp[0m  [33m][0m > wasp@1.0.0 build
[33m[[0m  [33mWasp[0m  [33m][0m > tsc && node ./scripts/copy-assets.js
[33m[[0m  [33mWasp[0m  [33m][0m
[36m[[0m [36mClient[0m [36m][0m 7:57:42 AM [vite] (client) hmr update /@fs/app/template/app/.wasp/out/sdk/wasp/dist/auth/forms/Auth.jsx
[36m[[0m [36mClient[0m [36m][0m 7:57:42 AM [vite] (client) hmr update /@fs/app/template/app/.wasp/out/sdk/wasp/dist/auth/forms/internal/Form.jsx
[36m[[0m [36mClient[0m [36m][0m 7:57:42 AM [vite] (client) hmr update /@fs/app/template/app/.wasp/out/sdk/wasp/dist/auth/forms/internal/Message.jsx
[36m[[0m [36mClient[0m [36m][0m 7:57:42 AM [vite] (client) hmr update /@fs/app/template/app/.wasp/out/sdk/wasp/dist/auth/forms/internal/auth-styles.css[33m
âœ… --- SDK built successfully. ----------------------------------------------------
[0m
[33m
âœ… --- Your wasp project has successfully compiled. -------------------------------
[0m
[33m
âœ… --- Recompilation on file change succeeded. ------------------------------------
[0m
[33m
ðŸ --- Recompiling on file change... ----------------------------------------------
[0m
[33m
âœ… --- Successfully completed npm install. ----------------------------------------
[0m
[33m
ðŸ --- Setting up database... -----------------------------------------------------
[0m
[33m
âœ… --- Database successfully set up. ----------------------------------------------
[0m
[33m
ðŸ --- Building SDK... ------------------------------------------------------------
[0m

[33m[[0m  [33mWasp[0m  [33m][0m > wasp@1.0.0 build
[33m[[0m  [33mWasp[0m  [33m][0m > tsc && node ./scripts/copy-assets.js
[33m[[0m  [33mWasp[0m  [33m][0m
[36m[[0m [36mClient[0m [36m][0m 7:57:52 AM [vite] (client) hmr update /@fs/app/template/app/.wasp/out/sdk/wasp/dist/auth/forms/Auth.jsx
[36m[[0m [36mClient[0m [36m][0m 7:57:52 AM [vite] (client) hmr update /@fs/app/template/app/.wasp/out/sdk/wasp/dist/auth/forms/internal/Form.jsx
[36m[[0m [36mClient[0m [36m][0m 7:57:52 AM [vite] (client) hmr update /@fs/app/template/app/.wasp/out/sdk/wasp/dist/auth/forms/internal/Message.jsx
[36m[[0m [36mClient[0m [36m][0m 7:57:52 AM [vite] (client) hmr update /@fs/app/template/app/.wasp/out/sdk/wasp/dist/auth/forms/internal/auth-styles.css[33m
âœ… --- SDK built successfully. ----------------------------------------------------
[0m
[33m
âœ… --- Your wasp project has successfully compiled. -------------------------------
[0m
[33m
âœ… --- Recompilation on file change succeeded. ------------------------------------
[0m
[33m
ðŸ --- Recompiling on file change... ----------------------------------------------
[0m
[33m
âœ… --- Successfully completed npm install. ----------------------------------------
[0m
[33m
ðŸ --- Setting up database... -----------------------------------------------------
[0m
[33m
âœ… --- Database successfully set up. ----------------------------------------------
[0m
[33m
ðŸ --- Building SDK... ------------------------------------------------------------
[0m

[33m[[0m  [33mWasp[0m  [33m][0m > wasp@1.0.0 build
[33m[[0m  [33mWasp[0m  [33m][0m > tsc && node ./scripts/copy-assets.js
[33m[[0m  [33mWasp[0m  [33m][0m
[36m[[0m [36mClient[0m [36m][0m 7:58:02 AM [vite] (client) hmr update /@fs/app/template/app/.wasp/out/sdk/wasp/dist/auth/forms/Auth.jsx
[36m[[0m [36mClient[0m [36m][0m 7:58:02 AM [vite] (client) hmr update /@fs/app/template/app/.wasp/out/sdk/wasp/dist/auth/forms/internal/Form.jsx
[36m[[0m [36mClient[0m [36m][0m 7:58:02 AM [vite] (client) hmr update /@fs/app/template/app/.wasp/out/sdk/wasp/dist/auth/forms/internal/Message.jsx
[36m[[0m [36mClient[0m [36m][0m 7:58:02 AM [vite] (client) hmr update /@fs/app/template/app/.wasp/out/sdk/wasp/dist/auth/forms/internal/auth-styles.css[33m
âœ… --- SDK built successfully. ----------------------------------------------------
[0m
[33m
âœ… --- Your wasp project has successfully compiled. -------------------------------
[0m
[33m
âœ… --- Recompilation on file change succeeded. ------------------------------------
[0m
[33m
ðŸ --- Recompiling on file change... ----------------------------------------------
[0m
[33m
âœ… --- Successfully completed npm install. ----------------------------------------
[0m
[33m
ðŸ --- Setting up database... -----------------------------------------------------
[0m
[33m
âœ… --- Database successfully set up. ----------------------------------------------
[0m
[33m
ðŸ --- Building SDK... ------------------------------------------------------------
[0m

[33m[[0m  [33mWasp[0m  [33m][0m > wasp@1.0.0 build
[33m[[0m  [33mWasp[0m  [33m][0m > tsc && node ./scripts/copy-assets.js
[33m[[0m  [33mWasp[0m  [33m][0m
[36m[[0m [36mClient[0m [36m][0m 7:58:12 AM [vite] (client) hmr update /@fs/app/template/app/.wasp/out/sdk/wasp/dist/auth/forms/Auth.jsx
[36m[[0m [36mClient[0m [36m][0m 7:58:12 AM [vite] (client) hmr update /@fs/app/template/app/.wasp/out/sdk/wasp/dist/auth/forms/internal/Form.jsx
[36m[[0m [36mClient[0m [36m][0m 7:58:12 AM [vite] (client) hmr update /@fs/app/template/app/.wasp/out/sdk/wasp/dist/auth/forms/internal/Message.jsx
[36m[[0m [36mClient[0m [36m][0m 7:58:12 AM [vite] (client) hmr update /@fs/app/template/app/.wasp/out/sdk/wasp/dist/auth/forms/internal/auth-styles.css[33m
âœ… --- SDK built successfully. ----------------------------------------------------
[0m
[33m
âœ… --- Your wasp project has successfully compiled. -------------------------------
[0m
[33m
âœ… --- Recompilation on file change succeeded. ------------------------------------
[0m
[33m
ðŸ --- Recompiling on file change... ----------------------------------------------
[0m
[33m
âœ… --- Successfully completed npm install. ----------------------------------------
[0m
[33m
ðŸ --- Setting up database... -----------------------------------------------------
[0m
[33m
âœ… --- Database successfully set up. ----------------------------------------------
[0m
[33m
ðŸ --- Building SDK... ------------------------------------------------------------
[0m

[33m[[0m  [33mWasp[0m  [33m][0m > wasp@1.0.0 build
[33m[[0m  [33mWasp[0m  [33m][0m > tsc && node ./scripts/copy-assets.js
[33m[[0m  [33mWasp[0m  [33m][0m
[36m[[0m [36mClient[0m [36m][0m 7:58:22 AM [vite] (client) hmr update /@fs/app/template/app/.wasp/out/sdk/wasp/dist/auth/forms/Auth.jsx
[36m[[0m [36mClient[0m [36m][0m 7:58:22 AM [vite] (client) hmr update /@fs/app/template/app/.wasp/out/sdk/wasp/dist/auth/forms/internal/Form.jsx
[36m[[0m [36mClient[0m [36m][0m 7:58:22 AM [vite] (client) hmr update /@fs/app/template/app/.wasp/out/sdk/wasp/dist/auth/forms/internal/Message.jsx
[36m[[0m [36mClient[0m [36m][0m 7:58:22 AM [vite] (client) hmr update /@fs/app/template/app/.wasp/out/sdk/wasp/dist/auth/forms/internal/auth-styles.css[33m
âœ… --- SDK built successfully. ----------------------------------------------------
[0m
[33m
âœ… --- Your wasp project has successfully compiled. -------------------------------
[0m
[33m
âœ… --- Recompilation on file change succeeded. ------------------------------------
[0m
[33m
ðŸ --- Recompiling on file change... ----------------------------------------------
[0m
[33m
âœ… --- Successfully completed npm install. ----------------------------------------
[0m
[33m
ðŸ --- Setting up database... -----------------------------------------------------
[0m
[33m
âœ… --- Database successfully set up. ----------------------------------------------
[0m
[33m
ðŸ --- Building SDK... ------------------------------------------------------------
[0m

[33m[[0m  [33mWasp[0m  [33m][0m > wasp@1.0.0 build
[33m[[0m  [33mWasp[0m  [33m][0m > tsc && node ./scripts/copy-assets.js
[33m[[0m  [33mWasp[0m  [33m][0m
[36m[[0m [36mClient[0m [36m][0m 7:58:32 AM [vite] (client) hmr update /@fs/app/template/app/.wasp/out/sdk/wasp/dist/auth/forms/Auth.jsx
[36m[[0m [36mClient[0m [36m][0m 7:58:32 AM [vite] (client) hmr update /@fs/app/template/app/.wasp/out/sdk/wasp/dist/auth/forms/internal/Form.jsx
[36m[[0m [36mClient[0m [36m][0m 7:58:32 AM [vite] (client) hmr update /@fs/app/template/app/.wasp/out/sdk/wasp/dist/auth/forms/internal/Message.jsx
[36m[[0m [36mClient[0m [36m][0m 7:58:32 AM [vite] (client) hmr update /@fs/app/template/app/.wasp/out/sdk/wasp/dist/auth/forms/internal/auth-styles.css[33m
âœ… --- SDK built successfully. ----------------------------------------------------
[0m
[33m
âœ… --- Your wasp project has successfully compiled. -------------------------------
[0m
[33m
âœ… --- Recompilation on file change succeeded. ------------------------------------
[0m
[33m
ðŸ --- Recompiling on file change... ----------------------------------------------
[0m
[33m
âœ… --- Successfully completed npm install. ----------------------------------------
[0m
[33m
ðŸ --- Setting up database... -----------------------------------------------------
[0m
[33m
âœ… --- Database successfully set up. ----------------------------------------------
[0m
[33m
ðŸ --- Building SDK... ------------------------------------------------------------
[0m

[33m[[0m  [33mWasp[0m  [33m][0m > wasp@1.0.0 build
[33m[[0m  [33mWasp[0m  [33m][0m > tsc && node ./scripts/copy-assets.js
[33m[[0m  [33mWasp[0m  [33m][0m
[36m[[0m [36mClient[0m [36m][0m 7:58:42 AM [vite] (client) hmr update /@fs/app/template/app/.wasp/out/sdk/wasp/dist/auth/forms/Auth.jsx
[36m[[0m [36mClient[0m [36m][0m 7:58:42 AM [vite] (client) hmr update /@fs/app/template/app/.wasp/out/sdk/wasp/dist/auth/forms/internal/Form.jsx
[36m[[0m [36mClient[0m [36m][0m 7:58:42 AM [vite] (client) hmr update /@fs/app/template/app/.wasp/out/sdk/wasp/dist/auth/forms/internal/Message.jsx
[36m[[0m [36mClient[0m [36m][0m 7:58:42 AM [vite] (client) hmr update /@fs/app/template/app/.wasp/out/sdk/wasp/dist/auth/forms/internal/auth-styles.css[33m
âœ… --- SDK built successfully. ----------------------------------------------------
[0m
[33m
âœ… --- Your wasp project has successfully compiled. -------------------------------
[0m
[33m
âœ… --- Recompilation on file change succeeded. ------------------------------------
[0m
[33m
ðŸ --- Recompiling on file change... ----------------------------------------------
[0m
[33m
âœ… --- Successfully completed npm install. ----------------------------------------
[0m
[33m
ðŸ --- Setting up database... -----------------------------------------------------
[0m
[33m
âœ… --- Database successfully set up. ----------------------------------------------
[0m
[33m
ðŸ --- Building SDK... ------------------------------------------------------------
[0m

[33m[[0m  [33mWasp[0m  [33m][0m > wasp@1.0.0 build
[33m[[0m  [33mWasp[0m  [33m][0m > tsc && node ./scripts/copy-assets.js
[33m[[0m  [33mWasp[0m  [33m][0m